f:\reposcpp\spaceinvaders\spaceinvaders\x64\debug\vc141.pdb
f:\reposcpp\spaceinvaders\spaceinvaders\x64\debug\vc141.idb
f:\reposcpp\spaceinvaders\spaceinvaders\x64\debug\windowmanager.obj
f:\reposcpp\spaceinvaders\spaceinvaders\x64\debug\texturemanager.obj
f:\reposcpp\spaceinvaders\spaceinvaders\x64\debug\scene.obj
f:\reposcpp\spaceinvaders\spaceinvaders\x64\debug\projectile.obj
f:\reposcpp\spaceinvaders\spaceinvaders\x64\debug\player.obj
f:\reposcpp\spaceinvaders\spaceinvaders\x64\debug\menu.obj
f:\reposcpp\spaceinvaders\spaceinvaders\x64\debug\main.obj
f:\reposcpp\spaceinvaders\spaceinvaders\x64\debug\highscorescene.obj
f:\reposcpp\spaceinvaders\spaceinvaders\x64\debug\gameobject.obj
f:\reposcpp\spaceinvaders\spaceinvaders\x64\debug\game.obj
f:\reposcpp\spaceinvaders\spaceinvaders\x64\debug\entity.obj
f:\reposcpp\spaceinvaders\spaceinvaders\x64\debug\enemymanager.obj
f:\reposcpp\spaceinvaders\spaceinvaders\x64\debug\enemy.obj
f:\reposcpp\spaceinvaders\spaceinvaders\x64\debug\character.obj
f:\reposcpp\spaceinvaders\spaceinvaders\x64\debug\bunkermanager.obj
f:\reposcpp\spaceinvaders\spaceinvaders\x64\debug\bunker.obj
f:\reposcpp\spaceinvaders\spaceinvaders\x64\debug\scoremanager.obj
f:\reposcpp\spaceinvaders\spaceinvaders\x64\debug\filemanager.obj
f:\reposcpp\spaceinvaders\x64\debug\spaceinvaders.exe
f:\reposcpp\spaceinvaders\x64\debug\spaceinvaders.ilk
f:\reposcpp\spaceinvaders\x64\debug\spaceinvaders.pdb
f:\reposcpp\spaceinvaders\spaceinvaders\x64\debug\highscorescene.obj.enc
f:\reposcpp\spaceinvaders\spaceinvaders\x64\debug\player.obj.enc
f:\reposcpp\spaceinvaders\spaceinvaders\x64\debug\scene.obj.enc
f:\reposcpp\spaceinvaders\spaceinvaders\x64\debug\texturemanager.obj.enc
f:\reposcpp\spaceinvaders\spaceinvaders\x64\debug\windowmanager.obj.enc
f:\reposcpp\spaceinvaders\spaceinvaders\x64\debug\spaceinvaders.tlog\cl.command.1.tlog
f:\reposcpp\spaceinvaders\spaceinvaders\x64\debug\spaceinvaders.tlog\cl.read.1.tlog
f:\reposcpp\spaceinvaders\spaceinvaders\x64\debug\spaceinvaders.tlog\cl.write.1.tlog
f:\reposcpp\spaceinvaders\spaceinvaders\x64\debug\spaceinvaders.tlog\link.command.1.tlog
f:\reposcpp\spaceinvaders\spaceinvaders\x64\debug\spaceinvaders.tlog\link.read.1.tlog
f:\reposcpp\spaceinvaders\spaceinvaders\x64\debug\spaceinvaders.tlog\link.write.1.tlog
